This is XeTeX, Version 3.141592653-2.6-0.999996 (TeX Live 2024) (preloaded format=xelatex 2024.8.20)  24 MAR 2025 19:34
entering extended mode
 restricted \write18 enabled.
 %&-line parsing enabled.
**main.tex
(./main.tex
LaTeX2e <2023-11-01> patch level 1
L3 programming layer <2024-02-20>
(./Definitions/mdpi.cls
Document Class: Definitions/mdpi 2/7/2025 MDPI paper class
(c:/ASoftware/texlive/2024/texmf-dist/tex/latex/base/article.cls
Document Class: article 2023/05/17 v1.4n Standard LaTeX document class
(c:/ASoftware/texlive/2024/texmf-dist/tex/latex/base/size10.clo
File: size10.clo 2023/05/17 v1.4n Standard LaTeX file (size option)
)
\c@part=\count184
\c@section=\count185
\c@subsection=\count186
\c@subsubsection=\count187
\c@paragraph=\count188
\c@subparagraph=\count189
\c@figure=\count190
\c@table=\count191
\abovecaptionskip=\skip48
\belowcaptionskip=\skip49
\bibindent=\dimen140
)
(c:/ASoftware/texlive/2024/texmf-dist/tex/latex/base/fontenc.sty
Package: fontenc 2021/04/29 v2.0v Standard LaTeX package
LaTeX Font Info:    Trying to load font information for T1+lmr on input line 11
2.

(c:/ASoftware/texlive/2024/texmf-dist/tex/latex/lm/t1lmr.fd
File: t1lmr.fd 2015/05/01 v1.6.1 Font defs for Latin Modern
))
(c:/ASoftware/texlive/2024/texmf-dist/tex/latex/base/inputenc.sty
Package: inputenc 2021/02/14 v1.3d Input encoding file
\inpenc@prehook=\toks17
\inpenc@posthook=\toks18


Package inputenc Warning: inputenc package ignored with utf8 based engines.

) (c:/ASoftware/texlive/2024/texmf-dist/tex/latex/tools/calc.sty
Package: calc 2023/07/08 v4.3 Infix arithmetic (KKT,FJ)
\calc@Acount=\count192
\calc@Bcount=\count193
\calc@Adimen=\dimen141
\calc@Bdimen=\dimen142
\calc@Askip=\skip50
\calc@Bskip=\skip51
LaTeX Info: Redefining \setlength on input line 80.
LaTeX Info: Redefining \addtolength on input line 81.
\calc@Ccount=\count194
\calc@Cskip=\skip52
)
(c:/ASoftware/texlive/2024/texmf-dist/tex/latex/tools/indentfirst.sty
Package: indentfirst 2023/07/02 v1.03 Indent first paragraph (DPC)
)
(c:/ASoftware/texlive/2024/texmf-dist/tex/latex/fancyhdr/fancyhdr.sty
Package: fancyhdr 2022/11/09 v4.1 Extensive control of page headers and footers

\f@nch@headwidth=\skip53
\f@nch@O@elh=\skip54
\f@nch@O@erh=\skip55
\f@nch@O@olh=\skip56
\f@nch@O@orh=\skip57
\f@nch@O@elf=\skip58
\f@nch@O@erf=\skip59
\f@nch@O@olf=\skip60
\f@nch@O@orf=\skip61
)
(c:/ASoftware/texlive/2024/texmf-dist/tex/latex/graphics/graphicx.sty
Package: graphicx 2021/09/16 v1.2d Enhanced LaTeX Graphics (DPC,SPQR)

(c:/ASoftware/texlive/2024/texmf-dist/tex/latex/graphics/keyval.sty
Package: keyval 2022/05/29 v1.15 key=value parser (DPC)
\KV@toks@=\toks19
)
(c:/ASoftware/texlive/2024/texmf-dist/tex/latex/graphics/graphics.sty
Package: graphics 2022/03/10 v1.4e Standard LaTeX Graphics (DPC,SPQR)

(c:/ASoftware/texlive/2024/texmf-dist/tex/latex/graphics/trig.sty
Package: trig 2021/08/11 v1.11 sin cos tan (DPC)
)
(c:/ASoftware/texlive/2024/texmf-dist/tex/latex/graphics-cfg/graphics.cfg
File: graphics.cfg 2016/06/04 v1.11 sample graphics configuration
)
Package graphics Info: Driver file: xetex.def on input line 107.

(c:/ASoftware/texlive/2024/texmf-dist/tex/latex/graphics-def/xetex.def
File: xetex.def 2022/09/22 v5.0n Graphics/color driver for xetex
))
\Gin@req@height=\dimen143
\Gin@req@width=\dimen144
)
(c:/ASoftware/texlive/2024/texmf-dist/tex/latex/epstopdf-pkg/epstopdf.sty
Package: epstopdf 2020-01-24 v2.11 Conversion with epstopdf on the fly (HO)

(c:/ASoftware/texlive/2024/texmf-dist/tex/generic/infwarerr/infwarerr.sty
Package: infwarerr 2019/12/03 v1.5 Providing info/warning/error messages (HO)
)
(c:/ASoftware/texlive/2024/texmf-dist/tex/latex/grfext/grfext.sty
Package: grfext 2019/12/03 v1.3 Manage graphics extensions (HO)

(c:/ASoftware/texlive/2024/texmf-dist/tex/generic/kvdefinekeys/kvdefinekeys.sty
Package: kvdefinekeys 2019-12-19 v1.6 Define keys (HO)
)) (c:/ASoftware/texlive/2024/texmf-dist/tex/latex/kvoptions/kvoptions.sty
Package: kvoptions 2022-06-15 v3.15 Key value format for package options (HO)

(c:/ASoftware/texlive/2024/texmf-dist/tex/generic/ltxcmds/ltxcmds.sty
Package: ltxcmds 2023-12-04 v1.26 LaTeX kernel commands for general use (HO)
)
(c:/ASoftware/texlive/2024/texmf-dist/tex/latex/kvsetkeys/kvsetkeys.sty
Package: kvsetkeys 2022-10-05 v1.19 Key value parser (HO)
))
(c:/ASoftware/texlive/2024/texmf-dist/tex/generic/pdftexcmds/pdftexcmds.sty
Package: pdftexcmds 2020-06-27 v0.33 Utility functions of pdfTeX for LuaTeX (HO
)

(c:/ASoftware/texlive/2024/texmf-dist/tex/generic/iftex/iftex.sty
Package: iftex 2022/02/03 v1.0f TeX engine tests
)
Package pdftexcmds Info: \pdf@primitive is available.
Package pdftexcmds Info: \pdf@ifprimitive is available.
Package pdftexcmds Info: \pdfdraftmode not found.
)
(c:/ASoftware/texlive/2024/texmf-dist/tex/latex/epstopdf-pkg/epstopdf-base.sty
Package: epstopdf-base 2020-01-24 v2.11 Base part for package epstopdf


Package epstopdf Warning: Drivers other than `pdftex' and `luatex' are not supp
orted.

)) (c:/ASoftware/texlive/2024/texmf-dist/tex/latex/lastpage/lastpage.sty
Package: lastpage 2023/10/14 v2.0e lastpage: 2.09 or 2e? (HMM)

(c:/ASoftware/texlive/2024/texmf-dist/tex/latex/lastpage/lastpage2e.sty
Package: lastpage2e 2023/10/14 v2.0e Decide which 2e lastpage version to use (H
MM)

(c:/ASoftware/texlive/2024/texmf-dist/tex/latex/lastpage/lastpagemodern.sty
Package: lastpagemodern 2023-10-14 v2.0e Refers to last page's name (HMM; JPG)
\c@lastpagecount=\count195
) 
)) (c:/ASoftware/texlive/2024/texmf-dist/tex/latex/base/ifthen.sty
Package: ifthen 2022/04/13 v1.1d Standard LaTeX ifthen package (DPC)
)
(c:/ASoftware/texlive/2024/texmf-dist/tex/latex/float/float.sty
Package: float 2001/11/08 v1.3d Float enhancements (AL)
\c@float@type=\count196
\float@exts=\toks20
\float@box=\box51
\@float@everytoks=\toks21
\@floatcapt=\box52
)
(c:/ASoftware/texlive/2024/texmf-dist/tex/latex/amsmath/amsmath.sty
Package: amsmath 2023/05/13 v2.17o AMS math features
\@mathmargin=\skip62

For additional information on amsmath, use the `?' option.
(c:/ASoftware/texlive/2024/texmf-dist/tex/latex/amsmath/amstext.sty
Package: amstext 2021/08/26 v2.01 AMS text

(c:/ASoftware/texlive/2024/texmf-dist/tex/latex/amsmath/amsgen.sty
File: amsgen.sty 1999/11/30 v2.0 generic functions
\@emptytoks=\toks22
\ex@=\dimen145
))
(c:/ASoftware/texlive/2024/texmf-dist/tex/latex/amsmath/amsbsy.sty
Package: amsbsy 1999/11/29 v1.2d Bold Symbols
\pmbraise@=\dimen146
)
(c:/ASoftware/texlive/2024/texmf-dist/tex/latex/amsmath/amsopn.sty
Package: amsopn 2022/04/08 v2.04 operator names
)
\inf@bad=\count197
LaTeX Info: Redefining \frac on input line 234.
\uproot@=\count198
\leftroot@=\count199
LaTeX Info: Redefining \overline on input line 399.
LaTeX Info: Redefining \colon on input line 410.
\classnum@=\count266
\DOTSCASE@=\count267
LaTeX Info: Redefining \ldots on input line 496.
LaTeX Info: Redefining \dots on input line 499.
LaTeX Info: Redefining \cdots on input line 620.
\Mathstrutbox@=\box53
\strutbox@=\box54
LaTeX Info: Redefining \big on input line 722.
LaTeX Info: Redefining \Big on input line 723.
LaTeX Info: Redefining \bigg on input line 724.
LaTeX Info: Redefining \Bigg on input line 725.
\big@size=\dimen147
LaTeX Font Info:    Redeclaring font encoding OML on input line 743.
LaTeX Font Info:    Redeclaring font encoding OMS on input line 744.
\macc@depth=\count268
LaTeX Info: Redefining \bmod on input line 905.
LaTeX Info: Redefining \pmod on input line 910.
LaTeX Info: Redefining \smash on input line 940.
LaTeX Info: Redefining \relbar on input line 970.
LaTeX Info: Redefining \Relbar on input line 971.
\c@MaxMatrixCols=\count269
\dotsspace@=\muskip16
\c@parentequation=\count270
\dspbrk@lvl=\count271
\tag@help=\toks23
\row@=\count272
\column@=\count273
\maxfields@=\count274
\andhelp@=\toks24
\eqnshift@=\dimen148
\alignsep@=\dimen149
\tagshift@=\dimen150
\tagwidth@=\dimen151
\totwidth@=\dimen152
\lineht@=\dimen153
\@envbody=\toks25
\multlinegap=\skip63
\multlinetaggap=\skip64
\mathdisplay@stack=\toks26
LaTeX Info: Redefining \[ on input line 2953.
LaTeX Info: Redefining \] on input line 2954.
)
(c:/ASoftware/texlive/2024/texmf-dist/tex/latex/amsfonts/amssymb.sty
Package: amssymb 2013/01/14 v3.01 AMS font symbols

(c:/ASoftware/texlive/2024/texmf-dist/tex/latex/amsfonts/amsfonts.sty
Package: amsfonts 2013/01/14 v3.01 Basic AMSFonts support
\symAMSa=\mathgroup4
\symAMSb=\mathgroup5
LaTeX Font Info:    Redeclaring math symbol \hbar on input line 98.
LaTeX Font Info:    Overwriting math alphabet `\mathfrak' in version `bold'
(Font)                  U/euf/m/n --> U/euf/b/n on input line 106.
))
(c:/ASoftware/texlive/2024/texmf-dist/tex/latex/lineno/lineno.sty
Package: lineno 2023/05/20 line numbers on paragraphs v5.3

(c:/ASoftware/texlive/2024/texmf-dist/tex/latex/etoolbox/etoolbox.sty
Package: etoolbox 2020/10/05 v2.5k e-TeX tools for LaTeX (JAW)
\etb@tempcnta=\count275
)
Invalid UTF-8 byte or sequence at line 292 replaced by U+FFFD.
\linenopenalty=\count276
\output=\toks27
\linenoprevgraf=\count277
\linenumbersep=\dimen154
\linenumberwidth=\dimen155
\c@linenumber=\count278
\c@pagewiselinenumber=\count279
\c@LN@truepage=\count280
\c@internallinenumber=\count281
\c@internallinenumbers=\count282
\quotelinenumbersep=\dimen156
\bframerule=\dimen157
\bframesep=\dimen158
\bframebox=\box55
\linenoamsmath@ams@eqpen=\count283
LaTeX Info: Redefining \\ on input line 3180.
)
(c:/ASoftware/texlive/2024/texmf-dist/tex/latex/setspace/setspace.sty
Package: setspace 2022/12/04 v6.7b set line spacing
)
(c:/ASoftware/texlive/2024/texmf-dist/tex/latex/enumitem/enumitem.sty
Package: enumitem 2019/06/20 v3.9 Customized lists
\labelindent=\skip65
\enit@outerparindent=\dimen159
\enit@toks=\toks28
\enit@inbox=\box56
\enit@count@id=\count284
\enitdp@description=\count285
)
(c:/ASoftware/texlive/2024/texmf-dist/tex/latex/psnfss/mathpazo.sty
Package: mathpazo 2020/03/25 PSNFSS-v9.3 Palatino w/ Pazo Math (D.Puga, WaS) 
\symupright=\mathgroup6
)
(c:/ASoftware/texlive/2024/texmf-dist/tex/latex/booktabs/booktabs.sty
Package: booktabs 2020/01/12 v1.61803398 Publication quality tables
\heavyrulewidth=\dimen160
\lightrulewidth=\dimen161
\cmidrulewidth=\dimen162
\belowrulesep=\dimen163
\belowbottomsep=\dimen164
\aboverulesep=\dimen165
\abovetopsep=\dimen166
\cmidrulesep=\dimen167
\cmidrulekern=\dimen168
\defaultaddspace=\dimen169
\@cmidla=\count286
\@cmidlb=\count287
\@aboverulesep=\dimen170
\@belowrulesep=\dimen171
\@thisruleclass=\count288
\@lastruleclass=\count289
\@thisrulewidth=\dimen172
)
(c:/ASoftware/texlive/2024/texmf-dist/tex/latex/titlesec/titlesec.sty
Package: titlesec 2023/10/27 v2.16 Sectioning titles
\ttl@box=\box57
\beforetitleunit=\skip66
\aftertitleunit=\skip67
\ttl@plus=\dimen173
\ttl@minus=\dimen174
\ttl@toksa=\toks29
\titlewidth=\dimen175
\titlewidthlast=\dimen176
\titlewidthfirst=\dimen177
)
(c:/ASoftware/texlive/2024/texmf-dist/tex/latex/tabto-ltx/tabto.sty
Package: tabto 2018/12/28  v 1.4  Another tabbing mechanism
\CurrentLineWidth=\dimen178
\TabPrevPos=\dimen179
)
(c:/ASoftware/texlive/2024/texmf-dist/tex/latex/xcolor/xcolor.sty
Package: xcolor 2023/11/15 v3.01 LaTeX color extensions (UK)

(c:/ASoftware/texlive/2024/texmf-dist/tex/latex/graphics-cfg/color.cfg
File: color.cfg 2016/01/02 v1.6 sample color configuration
)
Package xcolor Info: Driver file: xetex.def on input line 274.

(c:/ASoftware/texlive/2024/texmf-dist/tex/latex/graphics/mathcolor.ltx)
Package xcolor Info: Model `cmy' substituted by `cmy0' on input line 1350.
Package xcolor Info: Model `RGB' extended on input line 1366.
Package xcolor Info: Model `HTML' substituted by `rgb' on input line 1368.
Package xcolor Info: Model `Hsb' substituted by `hsb' on input line 1369.
Package xcolor Info: Model `tHsb' substituted by `hsb' on input line 1370.
Package xcolor Info: Model `HSB' substituted by `hsb' on input line 1371.
Package xcolor Info: Model `Gray' substituted by `gray' on input line 1372.
Package xcolor Info: Model `wave' substituted by `hsb' on input line 1373.
)
(c:/ASoftware/texlive/2024/texmf-dist/tex/latex/colortbl/colortbl.sty
Package: colortbl 2024/02/20 v1.0g Color table columns (DPC)

(c:/ASoftware/texlive/2024/texmf-dist/tex/latex/tools/array.sty
Package: array 2023/10/16 v2.5g Tabular extension package (FMi)
\col@sep=\dimen180
\ar@mcellbox=\box58
\extrarowheight=\dimen181
\NC@list=\toks30
\extratabsurround=\skip68
\backup@length=\skip69
\ar@cellbox=\box59
)
\everycr=\toks31
\minrowclearance=\skip70
\rownum=\count290
)
(c:/ASoftware/texlive/2024/texmf-dist/tex/generic/soul/soul.sty
Package: soul 2023-06-14 v3.1 Permit use of UTF-8 characters in soul (HO)

(c:/ASoftware/texlive/2024/texmf-dist/tex/generic/soul/soul-ori.sty
Package: soul-ori 2023-06-14 v3.1 letterspacing/underlining (mf)
\SOUL@word=\toks32
\SOUL@lasttoken=\toks33
\SOUL@syllable=\toks34
\SOUL@cmds=\toks35
\SOUL@buffer=\toks36
\SOUL@token=\toks37
\SOUL@syllgoal=\dimen182
\SOUL@syllwidth=\dimen183
\SOUL@charkern=\dimen184
\SOUL@hyphkern=\dimen185
\SOUL@dimen=\dimen186
\SOUL@dimeni=\dimen187
\SOUL@minus=\count291
\SOUL@comma=\count292
\SOUL@apo=\count293
\SOUL@grave=\count294
\SOUL@spaceskip=\skip71
\SOUL@ttwidth=\dimen188
\SOUL@uldp=\dimen189
\SOUL@ulht=\dimen190
)
(c:/ASoftware/texlive/2024/texmf-dist/tex/generic/etexcmds/etexcmds.sty
Package: etexcmds 2019/12/15 v1.7 Avoid name clashes with e-TeX commands (HO)
))
(c:/ASoftware/texlive/2024/texmf-dist/tex/latex/multirow/multirow.sty
Package: multirow 2021/03/15 v2.8 Span multiple rows of a table
\multirow@colwidth=\skip72
\multirow@cntb=\count295
\multirow@dima=\skip73
\bigstrutjot=\dimen191
)
(c:/ASoftware/texlive/2024/texmf-dist/tex/latex/microtype/microtype.sty
Package: microtype 2023/03/13 v3.1a Micro-typographical refinements (RS)
\MT@toks=\toks38
\MT@tempbox=\box60
\MT@count=\count296
LaTeX Info: Redefining \noprotrusionifhmode on input line 1059.
LaTeX Info: Redefining \leftprotrusion on input line 1060.
\MT@prot@toks=\toks39
LaTeX Info: Redefining \rightprotrusion on input line 1078.
LaTeX Info: Redefining \textls on input line 1368.
\MT@outer@kern=\dimen192
LaTeX Info: Redefining \textmicrotypecontext on input line 1988.
\MT@listname@count=\count297

(c:/ASoftware/texlive/2024/texmf-dist/tex/latex/microtype/microtype-xetex.def
File: microtype-xetex.def 2023/03/13 v3.1a Definitions specific to xetex (RS)
LaTeX Info: Redefining \lsstyle on input line 238.
)
Package microtype Info: Loading configuration file microtype.cfg.

(c:/ASoftware/texlive/2024/texmf-dist/tex/latex/microtype/microtype.cfg
File: microtype.cfg 2023/03/13 v3.1a microtype main configuration file (RS)
))
(c:/ASoftware/texlive/2024/texmf-dist/tex/latex/pgf/frontendlayer/tikz.sty
(c:/ASoftware/texlive/2024/texmf-dist/tex/latex/pgf/basiclayer/pgf.sty
(c:/ASoftware/texlive/2024/texmf-dist/tex/latex/pgf/utilities/pgfrcs.sty
(c:/ASoftware/texlive/2024/texmf-dist/tex/generic/pgf/utilities/pgfutil-common.
tex
\pgfutil@everybye=\toks40
\pgfutil@tempdima=\dimen193
\pgfutil@tempdimb=\dimen194
)
(c:/ASoftware/texlive/2024/texmf-dist/tex/generic/pgf/utilities/pgfutil-latex.d
ef
\pgfutil@abb=\box61
)
(c:/ASoftware/texlive/2024/texmf-dist/tex/generic/pgf/utilities/pgfrcs.code.tex
(c:/ASoftware/texlive/2024/texmf-dist/tex/generic/pgf/pgf.revision.tex)
Package: pgfrcs 2023-01-15 v3.1.10 (3.1.10)
))
Package: pgf 2023-01-15 v3.1.10 (3.1.10)

(c:/ASoftware/texlive/2024/texmf-dist/tex/latex/pgf/basiclayer/pgfcore.sty
(c:/ASoftware/texlive/2024/texmf-dist/tex/latex/pgf/systemlayer/pgfsys.sty
(c:/ASoftware/texlive/2024/texmf-dist/tex/generic/pgf/systemlayer/pgfsys.code.t
ex
Package: pgfsys 2023-01-15 v3.1.10 (3.1.10)

(c:/ASoftware/texlive/2024/texmf-dist/tex/generic/pgf/utilities/pgfkeys.code.te
x
\pgfkeys@pathtoks=\toks41
\pgfkeys@temptoks=\toks42

(c:/ASoftware/texlive/2024/texmf-dist/tex/generic/pgf/utilities/pgfkeyslibraryf
iltered.code.tex
\pgfkeys@tmptoks=\toks43
))
\pgf@x=\dimen195
\pgf@y=\dimen196
\pgf@xa=\dimen197
\pgf@ya=\dimen198
\pgf@xb=\dimen199
\pgf@yb=\dimen256
\pgf@xc=\dimen257
\pgf@yc=\dimen258
\pgf@xd=\dimen259
\pgf@yd=\dimen260
\w@pgf@writea=\write3
\r@pgf@reada=\read2
\c@pgf@counta=\count298
\c@pgf@countb=\count299
\c@pgf@countc=\count300
\c@pgf@countd=\count301
\t@pgf@toka=\toks44
\t@pgf@tokb=\toks45
\t@pgf@tokc=\toks46
\pgf@sys@id@count=\count302

(c:/ASoftware/texlive/2024/texmf-dist/tex/generic/pgf/systemlayer/pgf.cfg
File: pgf.cfg 2023-01-15 v3.1.10 (3.1.10)
)
Driver file for pgf: pgfsys-xetex.def

(c:/ASoftware/texlive/2024/texmf-dist/tex/generic/pgf/systemlayer/pgfsys-xetex.
def
File: pgfsys-xetex.def 2023-01-15 v3.1.10 (3.1.10)

(c:/ASoftware/texlive/2024/texmf-dist/tex/generic/pgf/systemlayer/pgfsys-dvipdf
mx.def
File: pgfsys-dvipdfmx.def 2023-01-15 v3.1.10 (3.1.10)

(c:/ASoftware/texlive/2024/texmf-dist/tex/generic/pgf/systemlayer/pgfsys-common
-pdf.def
File: pgfsys-common-pdf.def 2023-01-15 v3.1.10 (3.1.10)
)
\pgfsys@objnum=\count303
)))
(c:/ASoftware/texlive/2024/texmf-dist/tex/generic/pgf/systemlayer/pgfsyssoftpat
h.code.tex
File: pgfsyssoftpath.code.tex 2023-01-15 v3.1.10 (3.1.10)
\pgfsyssoftpath@smallbuffer@items=\count304
\pgfsyssoftpath@bigbuffer@items=\count305
)
(c:/ASoftware/texlive/2024/texmf-dist/tex/generic/pgf/systemlayer/pgfsysprotoco
l.code.tex
File: pgfsysprotocol.code.tex 2023-01-15 v3.1.10 (3.1.10)
))
(c:/ASoftware/texlive/2024/texmf-dist/tex/generic/pgf/basiclayer/pgfcore.code.t
ex
Package: pgfcore 2023-01-15 v3.1.10 (3.1.10)
 (c:/ASoftware/texlive/2024/texmf-dist/tex/generic/pgf/math/pgfmath.code.tex
(c:/ASoftware/texlive/2024/texmf-dist/tex/generic/pgf/math/pgfmathutil.code.tex
)
(c:/ASoftware/texlive/2024/texmf-dist/tex/generic/pgf/math/pgfmathparser.code.t
ex
\pgfmath@dimen=\dimen261
\pgfmath@count=\count306
\pgfmath@box=\box62
\pgfmath@toks=\toks47
\pgfmath@stack@operand=\toks48
\pgfmath@stack@operation=\toks49
)
(c:/ASoftware/texlive/2024/texmf-dist/tex/generic/pgf/math/pgfmathfunctions.cod
e.tex)
(c:/ASoftware/texlive/2024/texmf-dist/tex/generic/pgf/math/pgfmathfunctions.bas
ic.code.tex)
(c:/ASoftware/texlive/2024/texmf-dist/tex/generic/pgf/math/pgfmathfunctions.tri
gonometric.code.tex)
(c:/ASoftware/texlive/2024/texmf-dist/tex/generic/pgf/math/pgfmathfunctions.ran
dom.code.tex)
(c:/ASoftware/texlive/2024/texmf-dist/tex/generic/pgf/math/pgfmathfunctions.com
parison.code.tex)
(c:/ASoftware/texlive/2024/texmf-dist/tex/generic/pgf/math/pgfmathfunctions.bas
e.code.tex)
(c:/ASoftware/texlive/2024/texmf-dist/tex/generic/pgf/math/pgfmathfunctions.rou
nd.code.tex)
(c:/ASoftware/texlive/2024/texmf-dist/tex/generic/pgf/math/pgfmathfunctions.mis
c.code.tex)
(c:/ASoftware/texlive/2024/texmf-dist/tex/generic/pgf/math/pgfmathfunctions.int
egerarithmetics.code.tex)
(c:/ASoftware/texlive/2024/texmf-dist/tex/generic/pgf/math/pgfmathcalc.code.tex
)
(c:/ASoftware/texlive/2024/texmf-dist/tex/generic/pgf/math/pgfmathfloat.code.te
x
\c@pgfmathroundto@lastzeros=\count307
)) (c:/ASoftware/texlive/2024/texmf-dist/tex/generic/pgf/math/pgfint.code.tex)
(c:/ASoftware/texlive/2024/texmf-dist/tex/generic/pgf/basiclayer/pgfcorepoints.
code.tex
File: pgfcorepoints.code.tex 2023-01-15 v3.1.10 (3.1.10)
\pgf@picminx=\dimen262
\pgf@picmaxx=\dimen263
\pgf@picminy=\dimen264
\pgf@picmaxy=\dimen265
\pgf@pathminx=\dimen266
\pgf@pathmaxx=\dimen267
\pgf@pathminy=\dimen268
\pgf@pathmaxy=\dimen269
\pgf@xx=\dimen270
\pgf@xy=\dimen271
\pgf@yx=\dimen272
\pgf@yy=\dimen273
\pgf@zx=\dimen274
\pgf@zy=\dimen275
)
(c:/ASoftware/texlive/2024/texmf-dist/tex/generic/pgf/basiclayer/pgfcorepathcon
struct.code.tex
File: pgfcorepathconstruct.code.tex 2023-01-15 v3.1.10 (3.1.10)
\pgf@path@lastx=\dimen276
\pgf@path@lasty=\dimen277
)
(c:/ASoftware/texlive/2024/texmf-dist/tex/generic/pgf/basiclayer/pgfcorepathusa
ge.code.tex
File: pgfcorepathusage.code.tex 2023-01-15 v3.1.10 (3.1.10)
\pgf@shorten@end@additional=\dimen278
\pgf@shorten@start@additional=\dimen279
)
(c:/ASoftware/texlive/2024/texmf-dist/tex/generic/pgf/basiclayer/pgfcorescopes.
code.tex
File: pgfcorescopes.code.tex 2023-01-15 v3.1.10 (3.1.10)
\pgfpic=\box63
\pgf@hbox=\box64
\pgf@layerbox@main=\box65
\pgf@picture@serial@count=\count308
)
(c:/ASoftware/texlive/2024/texmf-dist/tex/generic/pgf/basiclayer/pgfcoregraphic
state.code.tex
File: pgfcoregraphicstate.code.tex 2023-01-15 v3.1.10 (3.1.10)
\pgflinewidth=\dimen280
)
(c:/ASoftware/texlive/2024/texmf-dist/tex/generic/pgf/basiclayer/pgfcoretransfo
rmations.code.tex
File: pgfcoretransformations.code.tex 2023-01-15 v3.1.10 (3.1.10)
\pgf@pt@x=\dimen281
\pgf@pt@y=\dimen282
\pgf@pt@temp=\dimen283
)
(c:/ASoftware/texlive/2024/texmf-dist/tex/generic/pgf/basiclayer/pgfcorequick.c
ode.tex
File: pgfcorequick.code.tex 2023-01-15 v3.1.10 (3.1.10)
)
(c:/ASoftware/texlive/2024/texmf-dist/tex/generic/pgf/basiclayer/pgfcoreobjects
.code.tex
File: pgfcoreobjects.code.tex 2023-01-15 v3.1.10 (3.1.10)
)
(c:/ASoftware/texlive/2024/texmf-dist/tex/generic/pgf/basiclayer/pgfcorepathpro
cessing.code.tex
File: pgfcorepathprocessing.code.tex 2023-01-15 v3.1.10 (3.1.10)
)
(c:/ASoftware/texlive/2024/texmf-dist/tex/generic/pgf/basiclayer/pgfcorearrows.
code.tex
File: pgfcorearrows.code.tex 2023-01-15 v3.1.10 (3.1.10)
\pgfarrowsep=\dimen284
)
(c:/ASoftware/texlive/2024/texmf-dist/tex/generic/pgf/basiclayer/pgfcoreshade.c
ode.tex
File: pgfcoreshade.code.tex 2023-01-15 v3.1.10 (3.1.10)
\pgf@max=\dimen285
\pgf@sys@shading@range@num=\count309
\pgf@shadingcount=\count310
)
(c:/ASoftware/texlive/2024/texmf-dist/tex/generic/pgf/basiclayer/pgfcoreimage.c
ode.tex
File: pgfcoreimage.code.tex 2023-01-15 v3.1.10 (3.1.10)
)
(c:/ASoftware/texlive/2024/texmf-dist/tex/generic/pgf/basiclayer/pgfcoreexterna
l.code.tex
File: pgfcoreexternal.code.tex 2023-01-15 v3.1.10 (3.1.10)
\pgfexternal@startupbox=\box66
)
(c:/ASoftware/texlive/2024/texmf-dist/tex/generic/pgf/basiclayer/pgfcorelayers.
code.tex
File: pgfcorelayers.code.tex 2023-01-15 v3.1.10 (3.1.10)
)
(c:/ASoftware/texlive/2024/texmf-dist/tex/generic/pgf/basiclayer/pgfcoretranspa
rency.code.tex
File: pgfcoretransparency.code.tex 2023-01-15 v3.1.10 (3.1.10)
)
(c:/ASoftware/texlive/2024/texmf-dist/tex/generic/pgf/basiclayer/pgfcorepattern
s.code.tex
File: pgfcorepatterns.code.tex 2023-01-15 v3.1.10 (3.1.10)
)
(c:/ASoftware/texlive/2024/texmf-dist/tex/generic/pgf/basiclayer/pgfcorerdf.cod
e.tex
File: pgfcorerdf.code.tex 2023-01-15 v3.1.10 (3.1.10)
)))
(c:/ASoftware/texlive/2024/texmf-dist/tex/generic/pgf/modules/pgfmoduleshapes.c
ode.tex
File: pgfmoduleshapes.code.tex 2023-01-15 v3.1.10 (3.1.10)
\pgfnodeparttextbox=\box67
)
(c:/ASoftware/texlive/2024/texmf-dist/tex/generic/pgf/modules/pgfmoduleplot.cod
e.tex
File: pgfmoduleplot.code.tex 2023-01-15 v3.1.10 (3.1.10)
)
(c:/ASoftware/texlive/2024/texmf-dist/tex/latex/pgf/compatibility/pgfcomp-versi
on-0-65.sty
Package: pgfcomp-version-0-65 2023-01-15 v3.1.10 (3.1.10)
\pgf@nodesepstart=\dimen286
\pgf@nodesepend=\dimen287
)
(c:/ASoftware/texlive/2024/texmf-dist/tex/latex/pgf/compatibility/pgfcomp-versi
on-1-18.sty
Package: pgfcomp-version-1-18 2023-01-15 v3.1.10 (3.1.10)
))
(c:/ASoftware/texlive/2024/texmf-dist/tex/latex/pgf/utilities/pgffor.sty
(c:/ASoftware/texlive/2024/texmf-dist/tex/latex/pgf/utilities/pgfkeys.sty
(c:/ASoftware/texlive/2024/texmf-dist/tex/generic/pgf/utilities/pgfkeys.code.te
x)) (c:/ASoftware/texlive/2024/texmf-dist/tex/latex/pgf/math/pgfmath.sty
(c:/ASoftware/texlive/2024/texmf-dist/tex/generic/pgf/math/pgfmath.code.tex))
(c:/ASoftware/texlive/2024/texmf-dist/tex/generic/pgf/utilities/pgffor.code.tex
Package: pgffor 2023-01-15 v3.1.10 (3.1.10)
\pgffor@iter=\dimen288
\pgffor@skip=\dimen289
\pgffor@stack=\toks50
\pgffor@toks=\toks51
))
(c:/ASoftware/texlive/2024/texmf-dist/tex/generic/pgf/frontendlayer/tikz/tikz.c
ode.tex
Package: tikz 2023-01-15 v3.1.10 (3.1.10)

(c:/ASoftware/texlive/2024/texmf-dist/tex/generic/pgf/libraries/pgflibraryploth
andlers.code.tex
File: pgflibraryplothandlers.code.tex 2023-01-15 v3.1.10 (3.1.10)
\pgf@plot@mark@count=\count311
\pgfplotmarksize=\dimen290
)
\tikz@lastx=\dimen291
\tikz@lasty=\dimen292
\tikz@lastxsaved=\dimen293
\tikz@lastysaved=\dimen294
\tikz@lastmovetox=\dimen295
\tikz@lastmovetoy=\dimen296
\tikzleveldistance=\dimen297
\tikzsiblingdistance=\dimen298
\tikz@figbox=\box68
\tikz@figbox@bg=\box69
\tikz@tempbox=\box70
\tikz@tempbox@bg=\box71
\tikztreelevel=\count312
\tikznumberofchildren=\count313
\tikznumberofcurrentchild=\count314
\tikz@fig@count=\count315

(c:/ASoftware/texlive/2024/texmf-dist/tex/generic/pgf/modules/pgfmodulematrix.c
ode.tex
File: pgfmodulematrix.code.tex 2023-01-15 v3.1.10 (3.1.10)
\pgfmatrixcurrentrow=\count316
\pgfmatrixcurrentcolumn=\count317
\pgf@matrix@numberofcolumns=\count318
)
\tikz@expandcount=\count319

(c:/ASoftware/texlive/2024/texmf-dist/tex/generic/pgf/frontendlayer/tikz/librar
ies/tikzlibrarytopaths.code.tex
File: tikzlibrarytopaths.code.tex 2023-01-15 v3.1.10 (3.1.10)
)))
(c:/ASoftware/texlive/2024/texmf-dist/tex/latex/refcount/refcount.sty
Package: refcount 2019/12/15 v3.6 Data extraction from label references (HO)
)
(c:/ASoftware/texlive/2024/texmf-dist/tex/latex/changepage/changepage.sty
Package: changepage 2009/10/20 v1.0c check page and change page layout
\c@cp@cntr=\count320
\cp@tempcnt=\count321
)
(c:/ASoftware/texlive/2024/texmf-dist/tex/latex/frankenstein/attrib.sty
Package: attrib 2001/08/31 v1.3 attribution of block elements (Frankenstein's h
at)

(c:/ASoftware/texlive/2024/texmf-dist/tex/latex/frankenstein/moredefs.sty
Package: moredefs 2001/08/31 v1.8 more defining commands (Frankenstein's brain)

\sc@toks@a=\toks52
\sc@toks@b=\toks53
)
\AttribMinSkip=\skip74
)
(c:/ASoftware/texlive/2024/texmf-dist/tex/latex/was/upgreek.sty
Package: upgreek 2003/02/12 v2.0 (WaS)
Package upgreek Info: Using Euler Roman for upright Greek on input line 31.
\symugrf@m=\mathgroup7
LaTeX Font Info:    Overwriting symbol font `ugrf@m' in version `bold'
(Font)                  U/eur/m/n --> U/eur/b/n on input line 38.
)
(c:/ASoftware/texlive/2024/texmf-dist/tex/latex/tools/tabularx.sty
Package: tabularx 2023/07/08 v2.11c `tabularx' package (DPC)
\TX@col@width=\dimen299
\TX@old@table=\dimen300
\TX@old@col=\dimen301
\TX@target=\dimen302
\TX@delta=\dimen303
\TX@cols=\count322
\TX@ftn=\toks54
)
(c:/ASoftware/texlive/2024/texmf-dist/tex/latex/pbox/pbox.sty
Package: pbox 2011/12/07 v1.2 Dynamic parboxes
\pb@xlen=\skip75
)
(c:/ASoftware/texlive/2024/texmf-dist/tex/latex/ragged2e/ragged2e.sty
Package: ragged2e 2023/06/22 v3.6 ragged2e Package
\CenteringLeftskip=\skip76
\RaggedLeftLeftskip=\skip77
\RaggedRightLeftskip=\skip78
\CenteringRightskip=\skip79
\RaggedLeftRightskip=\skip80
\RaggedRightRightskip=\skip81
\CenteringParfillskip=\skip82
\RaggedLeftParfillskip=\skip83
\RaggedRightParfillskip=\skip84
\JustifyingParfillskip=\skip85
\CenteringParindent=\skip86
\RaggedLeftParindent=\skip87
\RaggedRightParindent=\skip88
\JustifyingParindent=\skip89
)
(c:/ASoftware/texlive/2024/texmf-dist/tex/latex/tocloft/tocloft.sty
Package: tocloft 2017/08/31 v2.3i parameterised ToC, etc., typesetting
Package tocloft Info: The document has section divisions on input line 51.
\cftparskip=\skip90
\cftbeforetoctitleskip=\skip91
\cftaftertoctitleskip=\skip92
\cftbeforepartskip=\skip93
\cftpartnumwidth=\skip94
\cftpartindent=\skip95
\cftbeforesecskip=\skip96
\cftsecindent=\skip97
\cftsecnumwidth=\skip98
\cftbeforesubsecskip=\skip99
\cftsubsecindent=\skip100
\cftsubsecnumwidth=\skip101
\cftbeforesubsubsecskip=\skip102
\cftsubsubsecindent=\skip103
\cftsubsubsecnumwidth=\skip104
\cftbeforeparaskip=\skip105
\cftparaindent=\skip106
\cftparanumwidth=\skip107
\cftbeforesubparaskip=\skip108
\cftsubparaindent=\skip109
\cftsubparanumwidth=\skip110
\cftbeforeloftitleskip=\skip111
\cftafterloftitleskip=\skip112
\cftbeforefigskip=\skip113
\cftfigindent=\skip114
\cftfignumwidth=\skip115
\cftbeforelottitleskip=\skip116
\cftafterlottitleskip=\skip117
\cftbeforetabskip=\skip118
\cfttabindent=\skip119
\cfttabnumwidth=\skip120
\cftbeforesubfigskip=\skip121
\cftsubfigindent=\skip122
\cftsubfignumwidth=\skip123
\cftbeforesubtabskip=\skip124
\cftsubtabindent=\skip125
\cftsubtabnumwidth=\skip126
)
(c:/ASoftware/texlive/2024/texmf-dist/tex/latex/marginnote/marginnote.sty
Package: marginnote 2018/08/09 1.4b non floating margin notes for LaTeX
\c@mn@abspage=\count323
)
(c:/ASoftware/texlive/2024/texmf-dist/tex/latex/marginfix/marginfix.sty
Package: marginfix 2020/05/06 v1.2 Fix Margin Paragraphs
\Mfx@inject@insert=\insert252
\Mfx@marginbox=\box72
\Mfx@marginpos@min=\dimen304
\Mfx@marginpos@max=\dimen305
\Mfx@marginspace=\dimen306
\Mfx@marginheight=\dimen307
\Mfx@piece@content=\box73
\Mfx@piece@count=\count324
\Mfx@mparshift=\dimen308
\marginheightadjustment=\dimen309
\marginposadjustment=\dimen310
\Mfx@strutheight=\dimen311
)
(c:/ASoftware/texlive/2024/texmf-dist/tex/latex/enotez/enotez.sty
(c:/ASoftware/texlive/2024/texmf-dist/tex/latex/l3kernel/expl3.sty
Package: expl3 2024-02-20 L3 programming layer (loader) 

(c:/ASoftware/texlive/2024/texmf-dist/tex/latex/l3backend/l3backend-xetex.def
File: l3backend-xetex.def 2024-02-20 L3 backend support: XeTeX
\g__graphics_track_int=\count325
\l__pdf_internal_box=\box74
\g__pdf_backend_object_int=\count326
\g__pdf_backend_annotation_int=\count327
\g__pdf_backend_link_int=\count328
)) (c:/ASoftware/texlive/2024/texmf-dist/tex/latex/l3packages/xparse/xparse.sty
Package: xparse 2024-02-18 L3 Experimental document command parser
)
(c:/ASoftware/texlive/2024/texmf-dist/tex/latex/l3packages/l3keys2e/l3keys2e.st
y
Package: l3keys2e 2024-02-18 LaTeX2e option processing using LaTeX3 keys
)
(c:/ASoftware/texlive/2024/texmf-dist/tex/latex/l3packages/xtemplate/xtemplate.
sty
(c:/ASoftware/texlive/2024/texmf-dist/tex/latex/l3packages/xtemplate/xtemplate-
2023-10-10.sty
Package: xtemplate 2023-10-10 L3 Experimental prototype document functions
\l__xtemplate_tmp_dim=\dimen312
\l__xtemplate_tmp_int=\count329
\l__xtemplate_tmp_muskip=\muskip17
\l__xtemplate_tmp_skip=\skip127
))
Package: enotez 2022/01/04 v0.10d Endnotes for LaTeX2e
\l__enotez_list_preamble_skip=\skip128
\l__enotez_list_postamble_skip=\skip129
\g__enotez_endnote_id_int=\count330
\g__enotez_endnote_mark_int=\count331
\c@endnote=\count332
\g__enotez_list_printed_int=\count333
\l__enotez_tmpa_int=\count334

Package xtemplate Info: Declaring object type 'enotez-list' taking 1
(xtemplate)             argument(s) on line 473.

\l__enotez_list_notes_sep_dim=\dimen313

(c:/ASoftware/texlive/2024/texmf-dist/tex/latex/translations/translations.sty
Package: translations 2022/02/05 v1.12 internationalization of LaTeX2e packages
 (CN)
)) (c:/ASoftware/texlive/2024/texmf-dist/tex/generic/xstring/xstring.sty
(c:/ASoftware/texlive/2024/texmf-dist/tex/generic/xstring/xstring.tex
\xs_counta=\count335
\xs_countb=\count336
)
Package: xstring 2023/08/22 v1.86 String manipulations (CT)
)
(c:/ASoftware/texlive/2024/texmf-dist/tex/latex/subfig/subfig.sty
Package: subfig 2005/06/28 ver: 1.3 subfig package

(c:/ASoftware/texlive/2024/texmf-dist/tex/latex/caption/caption.sty
Package: caption 2023/08/05 v3.6o Customizing captions (AR)

(c:/ASoftware/texlive/2024/texmf-dist/tex/latex/caption/caption3.sty
Package: caption3 2023/07/31 v2.4d caption3 kernel (AR)
\caption@tempdima=\dimen314
\captionmargin=\dimen315
\caption@leftmargin=\dimen316
\caption@rightmargin=\dimen317
\caption@width=\dimen318
\caption@indent=\dimen319
\caption@parindent=\dimen320
\caption@hangindent=\dimen321
Package caption Info: Standard document class detected.
)
\c@caption@flags=\count337
\c@continuedfloat=\count338
Package caption Info: changepage package is loaded.
\caption@adjustwidth@hsize=\dimen322
\caption@adjustwidth@linewidth=\dimen323
Package caption Info: float package is loaded.
)
\c@KVtest=\count339
\sf@farskip=\skip130
\sf@captopadj=\dimen324
\sf@capskip=\skip131
\sf@nearskip=\skip132
\c@subfigure=\count340
\c@subfigure@save=\count341
\c@lofdepth=\count342
\c@subtable=\count343
\c@subtable@save=\count344
\c@lotdepth=\count345
\sf@top=\skip133
\sf@bottom=\skip134
)
(./Definitions/journalnames.tex)
(c:/ASoftware/texlive/2024/texmf-dist/tex/latex/amscls/amsthm.sty
Package: amsthm 2020/05/29 v2.20.6
\thm@style=\toks55
\thm@bodyfont=\toks56
\thm@headfont=\toks57
\thm@notefont=\toks58
\thm@headpunct=\toks59
\thm@preskip=\skip135
\thm@postskip=\skip136
\thm@headsep=\skip137
\dth@everypar=\toks60
)
\c@theorem=\count346
\c@lemma=\count347
\c@corollary=\count348
\c@proposition=\count349
\c@characterization=\count350
\c@property=\count351
\c@problem=\count352
\c@example=\count353
\c@examplesanddefinitions=\count354
\c@remark=\count355
\c@definition=\count356
\c@hypothesis=\count357
\c@notation=\count358
\c@assumption=\count359
\c@algorithm=\count360

(c:/ASoftware/texlive/2024/texmf-dist/tex/latex/natbib/natbib.sty
Package: natbib 2010/09/13 8.31b (PWD, AO)
\bibhang=\skip138
\bibsep=\skip139
LaTeX Info: Redefining \cite on input line 694.
\c@NAT@ctr=\count361
)
(c:/ASoftware/texlive/2024/texmf-dist/tex/latex/koma-script/scrextend.sty
Package: scrextend 2023/07/07 v3.41 KOMA-Script package (extend other classes w
ith features of KOMA-Script classes)

(c:/ASoftware/texlive/2024/texmf-dist/tex/latex/koma-script/scrkbase.sty
Package: scrkbase 2023/07/07 v3.41 KOMA-Script package (KOMA-Script-dependent b
asics and keyval usage)

(c:/ASoftware/texlive/2024/texmf-dist/tex/latex/koma-script/scrbase.sty
Package: scrbase 2023/07/07 v3.41 KOMA-Script package (KOMA-Script-independent 
basics and keyval usage)

(c:/ASoftware/texlive/2024/texmf-dist/tex/latex/koma-script/scrlfile.sty
Package: scrlfile 2023/07/07 v3.41 KOMA-Script package (file load hooks)

(c:/ASoftware/texlive/2024/texmf-dist/tex/latex/koma-script/scrlfile-hook.sty
Package: scrlfile-hook 2023/07/07 v3.41 KOMA-Script package (using LaTeX hooks)


(c:/ASoftware/texlive/2024/texmf-dist/tex/latex/koma-script/scrlogo.sty
Package: scrlogo 2023/07/07 v3.41 KOMA-Script package (logo)
)))
Applying: [2021/05/01] Usage of raw or classic option list on input line 252.
Already applied: [0000/00/00] Usage of raw or classic option list on input line
 368.
)))
\MyLen=\skip140
\MyBox=\box75
\leftcolumnlength=\skip141
\extralength=\skip142
\fulllength=\skip143

(c:/ASoftware/texlive/2024/texmf-dist/tex/latex/geometry/geometry.sty
Package: geometry 2020/01/02 v5.9 Page Geometry

(c:/ASoftware/texlive/2024/texmf-dist/tex/generic/iftex/ifvtex.sty
Package: ifvtex 2019/10/25 v1.7 ifvtex legacy package. Use iftex instead.
)
\Gm@cnth=\count362
\Gm@cntv=\count363
\c@Gm@tempcnt=\count364
\Gm@bindingoffset=\dimen325
\Gm@wd@mp=\dimen326
\Gm@odd@mp=\dimen327
\Gm@even@mp=\dimen328
\Gm@layoutwidth=\dimen329
\Gm@layoutheight=\dimen330
\Gm@layouthoffset=\dimen331
\Gm@layoutvoffset=\dimen332
\Gm@dimlist=\toks61
)
(c:/ASoftware/texlive/2024/texmf-dist/tex/latex/newfloat/newfloat.sty
Package: newfloat 2023/10/01 v1.2 Defining new floating environments (AR)
)
Package newfloat Info: New float `listing' with options `' on input line 1601.
\c@listing=\count365
Package newfloat Info: float type `listing'=4 on input line 1601.
\c@lolistingdepth=\count366
Package newfloat Info: New float `boxenv' with options `name=Box' on input line
 1602.
\c@boxenv=\count367
Package newfloat Info: float type `boxenv'=8 on input line 1602.
\c@loboxenvdepth=\count368
Package newfloat Info: New float `chart' with options `' on input line 1603.
\c@chart=\count369
Package newfloat Info: float type `chart'=16 on input line 1603.
\c@lochartdepth=\count370
Package newfloat Info: New float `scheme' with options `' on input line 1604.
\c@scheme=\count371
Package newfloat Info: float type `scheme'=32 on input line 1604.
\c@loschemedepth=\count372
Package newfloat Info: New float `figurewide' with options `' on input line 160
5.
\c@figurewide=\count373
Package newfloat Info: float type `figurewide'=64 on input line 1605.
\c@lofigurewidedepth=\count374
\@justcentbox=\box76

(c:/ASoftware/texlive/2024/texmf-dist/tex/latex/seqsplit/seqsplit.sty
Package: seqsplit 2006/08/07 v0.1 Splitting long sequences (DNA, RNA, proteins,
 etc.) 
)
\cellWidtha=\skip144
\cellWidthb=\skip145
\cellWidthc=\skip146
\cellWidthd=\skip147
\cellWidthe=\skip148
\cellWidthf=\skip149
\cellWidthg=\skip150
\cellWidthh=\skip151
\cellWidthi=\skip152
\cellWidthj=\skip153
\cellWidthk=\skip154
\cellWidthl=\skip155
\cellWidthm=\skip156
\cellWidthn=\skip157
\cellWidtho=\skip158
\cellWidthp=\skip159
\cellWidthq=\skip160
\cellWidthr=\skip161
\cellWidths=\skip162
\cellWidtht=\skip163
\cellWidthu=\skip164
\cellWidthv=\skip165
\cellWidthw=\skip166
\cellWidthx=\skip167
\cellWidthy=\skip168
\cellWidthz=\skip169
\cellWidthA=\skip170
\cellWidthB=\skip171
\cellWidthC=\skip172
\cellWidthD=\skip173
\cellWidthE=\skip174
\cellWidthF=\skip175
\cellWidthG=\skip176
\cellWidthH=\skip177
\cellWidthI=\skip178
\cellWidthJ=\skip179
\cellWidthK=\skip180
\cellWidthL=\skip181
\cellWidthM=\skip182
\cellWidthN=\skip183
\cellWidthO=\skip184
\cellWidthP=\skip185
\cellWidthQ=\skip186
\cellWidthR=\skip187
\cellWidthS=\skip188
\cellWidthT=\skip189
\cellWidthU=\skip190
\cellWidthV=\skip191
\cellWidthW=\skip192
\cellWidthX=\skip193
\cellWidthY=\skip194
\cellWidthZ=\skip195
)
(c:/ASoftware/texlive/2024/texmf-dist/tex/latex/pst-pdf/pst-pdf.sty
Package: pst-pdf 2020/10/10 v1.2f PS graphics for pdfLaTeX (RN,HjG)

(c:/ASoftware/texlive/2024/texmf-dist/tex/generic/iftex/ifpdf.sty
Package: ifpdf 2019/10/25 v3.4 ifpdf legacy package. Use iftex instead.
)
(c:/ASoftware/texlive/2024/texmf-dist/tex/generic/iftex/ifxetex.sty
Package: ifxetex 2019/10/25 v0.7 ifxetex legacy package. Use iftex instead.
)
\c@pspicture=\count375
Package pst-pdf Info: MODE: 9 (inactive mode) on input line 457.
)
(c:/ASoftware/texlive/2024/texmf-dist/tex/latex/caption/subcaption.sty
Package: subcaption 2023/07/28 v1.6b Sub-captions (AR)
LaTeX Info: Redefining \subref on input line 189.
Package subcaption Info: The counter `subfigure' was already defined by
(subcaption)             \newsubfloat (offered by the subfig package) on input 
line 238.
Package subcaption Info: The counter `subtable' was already defined by
(subcaption)             \newsubfloat (offered by the subfig package) on input 
line 238.
Package caption Info: New subtype `sublisting' on input line 238.
\c@sublisting=\count376
Package caption Info: New subtype `subboxenv' on input line 238.
\c@subboxenv=\count377
Package caption Info: New subtype `subchart' on input line 238.
\c@subchart=\count378
Package caption Info: New subtype `subscheme' on input line 238.
\c@subscheme=\count379
Package caption Info: New subtype `subfigurewide' on input line 238.
\c@subfigurewide=\count380
)
Package translations Info: No language package found. I am going to use `englis
h' as default language. on input line 132.

(c:/ASoftware/texlive/2024/texmf-dist/tex/latex/hyperref/hyperref.sty
Package: hyperref 2024-01-20 v7.01h Hypertext links for LaTeX

(c:/ASoftware/texlive/2024/texmf-dist/tex/generic/pdfescape/pdfescape.sty
Package: pdfescape 2019/12/09 v1.15 Implements pdfTeX's escape features (HO)
)
(c:/ASoftware/texlive/2024/texmf-dist/tex/latex/hycolor/hycolor.sty
Package: hycolor 2020-01-27 v1.10 Color options for hyperref/bookmark (HO)
)
(c:/ASoftware/texlive/2024/texmf-dist/tex/latex/auxhook/auxhook.sty
Package: auxhook 2019-12-17 v1.6 Hooks for auxiliary files (HO)
)
(c:/ASoftware/texlive/2024/texmf-dist/tex/latex/hyperref/nameref.sty
Package: nameref 2023-11-26 v2.56 Cross-referencing by name of section

(c:/ASoftware/texlive/2024/texmf-dist/tex/generic/gettitlestring/gettitlestring
.sty
Package: gettitlestring 2019/12/15 v1.6 Cleanup title references (HO)
)
\c@section@level=\count381
)
\@linkdim=\dimen333
\Hy@linkcounter=\count382
\Hy@pagecounter=\count383
 (c:/ASoftware/texlive/2024/texmf-dist/tex/latex/hyperref/pd1enc.def
File: pd1enc.def 2024-01-20 v7.01h Hyperref: PDFDocEncoding definition (HO)
)
(c:/ASoftware/texlive/2024/texmf-dist/tex/generic/intcalc/intcalc.sty
Package: intcalc 2019/12/15 v1.3 Expandable calculations with integers (HO)
)
\Hy@SavedSpaceFactor=\count384

(c:/ASoftware/texlive/2024/texmf-dist/tex/latex/hyperref/puenc.def
File: puenc.def 2024-01-20 v7.01h Hyperref: PDF Unicode definition (HO)
)
Package hyperref Info: Option `unicode' set `true' on input line 4062.
Package hyperref Info: Option `bookmarksopen' set `true' on input line 4062.
Package hyperref Info: Option `pdffitwindow' set `true' on input line 4062.
Package hyperref Info: Option `colorlinks' set `true' on input line 4062.
Package hyperref Info: Option `hyperfootnotes' set `true' on input line 4062.
Package hyperref Info: Hyper figures OFF on input line 4179.
Package hyperref Info: Link nesting OFF on input line 4184.
Package hyperref Info: Hyper index ON on input line 4187.
Package hyperref Info: Plain pages OFF on input line 4194.
Package hyperref Info: Backreferencing OFF on input line 4199.
Package hyperref Info: Implicit mode ON; LaTeX internals redefined.
Package hyperref Info: Bookmarks ON on input line 4446.
\c@Hy@tempcnt=\count385

(c:/ASoftware/texlive/2024/texmf-dist/tex/latex/url/url.sty
\Urlmuskip=\muskip18
Package: url 2013/09/16  ver 3.4  Verb mode for urls, etc.
)
LaTeX Info: Redefining \url on input line 4784.
\XeTeXLinkMargin=\dimen334

(c:/ASoftware/texlive/2024/texmf-dist/tex/generic/bitset/bitset.sty
Package: bitset 2019/12/09 v1.3 Handle bit-vector datatype (HO)

(c:/ASoftware/texlive/2024/texmf-dist/tex/generic/bigintcalc/bigintcalc.sty
Package: bigintcalc 2019/12/15 v1.5 Expandable calculations on big integers (HO
)
))
\Fld@menulength=\count386
\Field@Width=\dimen335
\Fld@charsize=\dimen336
Package hyperref Info: Hyper figures OFF on input line 6063.
Package hyperref Info: Link nesting OFF on input line 6068.
Package hyperref Info: Hyper index ON on input line 6071.
Package hyperref Info: backreferencing OFF on input line 6078.
Package hyperref Info: Link coloring ON on input line 6081.
Package hyperref Info: Link coloring with OCG OFF on input line 6088.
Package hyperref Info: PDF/A mode OFF on input line 6093.

(c:/ASoftware/texlive/2024/texmf-dist/tex/latex/base/atbegshi-ltx.sty
Package: atbegshi-ltx 2021/01/10 v1.0c Emulation of the original atbegshi
package with kernel methods
)
\Hy@abspage=\count387
\c@Item=\count388
\c@Hfootnote=\count389
)
Package hyperref Info: Driver (autodetected): hxetex.

(c:/ASoftware/texlive/2024/texmf-dist/tex/latex/hyperref/hxetex.def
File: hxetex.def 2024-01-20 v7.01h Hyperref driver for XeTeX

(c:/ASoftware/texlive/2024/texmf-dist/tex/generic/stringenc/stringenc.sty
Package: stringenc 2019/11/29 v1.12 Convert strings between diff. encodings (HO
)
)
\pdfm@box=\box77
\c@Hy@AnnotLevel=\count390
\HyField@AnnotCount=\count391
\Fld@listcount=\count392
\c@bookmark@seq@number=\count393

(c:/ASoftware/texlive/2024/texmf-dist/tex/latex/rerunfilecheck/rerunfilecheck.s
ty
Package: rerunfilecheck 2022-07-10 v1.10 Rerun checks for auxiliary files (HO)
 (c:/ASoftware/texlive/2024/texmf-dist/tex/latex/base/atveryend-ltx.sty
Package: atveryend-ltx 2020/08/19 v1.0a Emulation of the original atveryend pac
kage
with kernel methods
)
(c:/ASoftware/texlive/2024/texmf-dist/tex/generic/uniquecounter/uniquecounter.s
ty
Package: uniquecounter 2019/12/15 v1.4 Provide unlimited unique counter (HO)
)
Package uniquecounter Info: New unique counter `rerunfilecheck' on input line 2
85.
)
\Hy@SectionHShift=\skip196
) (c:/ASoftware/texlive/2024/texmf-dist/tex/latex/cleveref/cleveref.sty
Package: cleveref 2018/03/27 v0.21.4 Intelligent cross-referencing
Package cleveref Info: `hyperref' support loaded on input line 2370.
LaTeX Info: Redefining \cref on input line 2370.
LaTeX Info: Redefining \Cref on input line 2370.
LaTeX Info: Redefining \crefrange on input line 2370.
LaTeX Info: Redefining \Crefrange on input line 2370.
LaTeX Info: Redefining \cpageref on input line 2370.
LaTeX Info: Redefining \Cpageref on input line 2370.
LaTeX Info: Redefining \cpagerefrange on input line 2370.
LaTeX Info: Redefining \Cpagerefrange on input line 2370.
LaTeX Info: Redefining \labelcref on input line 2370.
LaTeX Info: Redefining \labelcpageref on input line 2370.
Package cleveref Info: `amsthm' support loaded on input line 3026.
Package cleveref Info: `subfig' support loaded on input line 3164.
Package cleveref Info: always capitalise cross-reference names on input line 78
25.
Package cleveref Info: always capitalise cross-reference names on input line 78
52.
Package cleveref Info: no abbreviation of names on input line 7852.
)
LaTeX Font Info:    Trying to load font information for T1+ppl on input line 13
2.

(c:/ASoftware/texlive/2024/texmf-dist/tex/latex/psnfss/t1ppl.fd
File: t1ppl.fd 2001/06/04 font definitions for T1/ppl.
) (./main.aux)
\openout1 = `main.aux'.

LaTeX Font Info:    Checking defaults for OML/cmm/m/it on input line 132.
LaTeX Font Info:    ... okay on input line 132.
LaTeX Font Info:    Checking defaults for OMS/cmsy/m/n on input line 132.
LaTeX Font Info:    ... okay on input line 132.
LaTeX Font Info:    Checking defaults for OT1/cmr/m/n on input line 132.
LaTeX Font Info:    ... okay on input line 132.
LaTeX Font Info:    Checking defaults for T1/cmr/m/n on input line 132.
LaTeX Font Info:    ... okay on input line 132.
LaTeX Font Info:    Checking defaults for TS1/cmr/m/n on input line 132.
LaTeX Font Info:    Trying to load font information for TS1+cmr on input line 1
32.

(c:/ASoftware/texlive/2024/texmf-dist/tex/latex/base/ts1cmr.fd
File: ts1cmr.fd 2023/04/13 v2.5m Standard LaTeX font definitions
)
LaTeX Font Info:    ... okay on input line 132.
LaTeX Font Info:    Checking defaults for TU/lmr/m/n on input line 132.
LaTeX Font Info:    ... okay on input line 132.
LaTeX Font Info:    Checking defaults for OMX/cmex/m/n on input line 132.
LaTeX Font Info:    ... okay on input line 132.
LaTeX Font Info:    Checking defaults for U/cmr/m/n on input line 132.
LaTeX Font Info:    ... okay on input line 132.
LaTeX Font Info:    Checking defaults for PD1/pdf/m/n on input line 132.
LaTeX Font Info:    ... okay on input line 132.
LaTeX Font Info:    Checking defaults for PU/pdf/m/n on input line 132.
LaTeX Font Info:    ... okay on input line 132.
LaTeX Info: Redefining \microtypecontext on input line 132.
Package microtype Info: Applying patch `item' on input line 132.
Package microtype Info: Applying patch `toc' on input line 132.
Package microtype Info: Applying patch `eqnum' on input line 132.
Package microtype Info: Applying patch `footnote' on input line 132.
Package microtype Info: Applying patch `verbatim' on input line 132.
Package microtype Info: Character protrusion enabled (level 2).
Package microtype Info: Using default protrusion set `alltext'.
Package microtype Info: No adjustment of tracking.
Package microtype Info: No adjustment of spacing.
Package microtype Info: No adjustment of kerning.

(c:/ASoftware/texlive/2024/texmf-dist/tex/latex/microtype/mt-ppl.cfg
File: mt-ppl.cfg 2005/11/16 v1.6 microtype config. file: Palatino (RS)
)
(c:/ASoftware/texlive/2024/texmf-dist/tex/latex/translations/translations-basic
-dictionary-english.trsl
File: translations-basic-dictionary-english.trsl (english translation file `tra
nslations-basic-dictionary')
)
Package translations Info: loading dictionary `translations-basic-dictionary' f
or `english'. on input line 132.
Package caption Info: Begin \AtBeginDocument code.
Package caption Info: subfig package v1.3 is loaded.
Package caption Info: hyperref package is loaded.
Package caption Info: scrextend package is loaded.
\caption@addmargin@hsize=\dimen337
\caption@addmargin@linewidth=\dimen338
Package caption Info: End \AtBeginDocument code.

*geometry* driver: auto-detecting
*geometry* detected driver: xetex
*geometry* verbose mode - [ preamble ] result:
* driver: xetex
* paper: <default>
* layout: <same size as paper>
* layoutoffset:(h,v)=(0.0pt,0.0pt)
* modes: includehead includefoot 
* h-part:(L,W,R)=(167.01753pt, 394.35522pt, 36.13512pt)
* v-part:(T,H,B)=(36.13512pt, 778.18271pt, 30.72902pt)
* \paperwidth=597.50787pt
* \paperheight=845.04684pt
* \textwidth=394.35522pt
* \textheight=706.18271pt
* \oddsidemargin=94.74754pt
* \evensidemargin=94.74754pt
* \topmargin=-36.13487pt
* \headheight=12.0pt
* \headsep=24.0pt
* \topskip=10.0pt
* \footskip=36.0pt
* \marginparwidth=116.65646pt
* \marginparsep=14.51074pt
* \columnsep=10.0pt
* \skip\footins=17.07182pt
* \hoffset=0.0pt
* \voffset=0.0pt
* \mag=1000
* \@twocolumnfalse
* \@twosidefalse
* \@mparswitchfalse
* \@reversemargintrue
* (1in=72.27pt=25.4mm, 1cm=28.453pt)

Package newfloat Info: `float' package detected.
Package hyperref Info: Link coloring ON on input line 132.
(./main.out) (./main.out)
\@outlinefile=\write4
\openout4 = `main.out'.

LaTeX Font Info:    Trying to load font information for TS1+ppl on input line 1
32.

(c:/ASoftware/texlive/2024/texmf-dist/tex/latex/psnfss/ts1ppl.fd
File: ts1ppl.fd 2001/06/04 font definitions for TS1/ppl.
)
LaTeX Font Info:    Trying to load font information for T1+lmtt on input line 1
32.

(c:/ASoftware/texlive/2024/texmf-dist/tex/latex/lm/t1lmtt.fd
File: t1lmtt.fd 2015/05/01 v1.6.1 Font defs for Latin Modern
)
Package microtype Info: Loading generic protrusion settings for font family
(microtype)             `lmtt' (encoding: T1).
(microtype)             For optimal results, create family-specific settings.
(microtype)             See the microtype manual for details.
LaTeX Font Info:    Trying to load font information for OT1+ppl on input line 1
32.

(c:/ASoftware/texlive/2024/texmf-dist/tex/latex/psnfss/ot1ppl.fd
File: ot1ppl.fd 2001/06/04 font definitions for OT1/ppl.
)
LaTeX Font Info:    Trying to load font information for OML+zplm on input line 
132.

(c:/ASoftware/texlive/2024/texmf-dist/tex/latex/psnfss/omlzplm.fd
File: omlzplm.fd 2002/09/08 Fontinst v1.914 font definitions for OML/zplm.
)
LaTeX Font Info:    Trying to load font information for OMS+zplm on input line 
132.

(c:/ASoftware/texlive/2024/texmf-dist/tex/latex/psnfss/omszplm.fd
File: omszplm.fd 2002/09/08 Fontinst v1.914 font definitions for OMS/zplm.
)
LaTeX Font Info:    Trying to load font information for OMX+zplm on input line 
132.

(c:/ASoftware/texlive/2024/texmf-dist/tex/latex/psnfss/omxzplm.fd
File: omxzplm.fd 2002/09/08 Fontinst v1.914 font definitions for OMX/zplm.
)
LaTeX Font Info:    Font shape `U/msa/m/n' will be
(Font)              scaled to size 7.29405pt on input line 132.

(c:/ASoftware/texlive/2024/texmf-dist/tex/latex/microtype/mt-msa.cfg
File: mt-msa.cfg 2006/02/04 v1.1 microtype config. file: AMS symbols (a) (RS)
)
LaTeX Font Info:    Font shape `U/msa/m/n' will be
(Font)              scaled to size 5.21004pt on input line 132.
LaTeX Font Info:    Font shape `U/msb/m/n' will be
(Font)              scaled to size 7.29405pt on input line 132.

(c:/ASoftware/texlive/2024/texmf-dist/tex/latex/microtype/mt-msb.cfg
File: mt-msb.cfg 2005/06/01 v1.0 microtype config. file: AMS symbols (b) (RS)
)
LaTeX Font Info:    Font shape `U/msb/m/n' will be
(Font)              scaled to size 5.21004pt on input line 132.
LaTeX Font Info:    Trying to load font information for OT1+zplm on input line 
132.

(c:/ASoftware/texlive/2024/texmf-dist/tex/latex/psnfss/ot1zplm.fd
File: ot1zplm.fd 2002/09/08 Fontinst v1.914 font definitions for OT1/zplm.
)
Package microtype Info: Loading generic protrusion settings for font family
(microtype)             `zplm' (encoding: OT1).
(microtype)             For optimal results, create family-specific settings.
(microtype)             See the microtype manual for details.

(c:/ASoftware/texlive/2024/texmf-dist/tex/latex/microtype/mt-eur.cfg
File: mt-eur.cfg 2006/07/31 v1.1 microtype config. file: AMS Euler Roman (RS)
)
LaTeX Font Info:    Font shape `U/msa/m/n' will be
(Font)              scaled to size 10.42007pt on input line 132.
LaTeX Font Info:    Font shape `U/msa/m/n' will be
(Font)              scaled to size 7.91925pt on input line 132.
LaTeX Font Info:    Font shape `U/msa/m/n' will be
(Font)              scaled to size 6.25204pt on input line 132.
LaTeX Font Info:    Font shape `U/msb/m/n' will be
(Font)              scaled to size 10.42007pt on input line 132.
LaTeX Font Info:    Font shape `U/msb/m/n' will be
(Font)              scaled to size 7.91925pt on input line 132.
LaTeX Font Info:    Font shape `U/msb/m/n' will be
(Font)              scaled to size 6.25204pt on input line 132.
LaTeX Font Info:    Redeclaring symbol font `AMSb' on input line 132.
LaTeX Font Info:    Overwriting symbol font `AMSb' in version `normal'
(Font)                  U/msb/m/n --> U/msb/m/n on input line 132.
LaTeX Font Info:    Overwriting symbol font `AMSb' in version `bold'
(Font)                  U/msb/m/n --> U/msb/m/n on input line 132.
Package marginnote Info: Margin note 1.1 is on absolute page 1 on input line 13
2.
Package marginnote Info: right page because not two side mode on input line 132
.
Package marginnote Info: xpos seems to be 167.01753pt on input line 132.
Invalid UTF-8 byte or sequence at line 132 replaced by U+FFFD.
Invalid UTF-8 byte or sequence at line 132 replaced by U+FFFD.
Invalid UTF-8 byte or sequence at line 132 replaced by U+FFFD.
Invalid UTF-8 byte or sequence at line 132 replaced by U+FFFD.
Invalid UTF-8 byte or sequence at line 132 replaced by U+FFFD.
Invalid UTF-8 byte or sequence at line 132 replaced by U+FFFD.
File: Definitions/logo-mdpi.eps Graphic file (type eps)
<Definitions/logo-mdpi.eps>
LaTeX Font Info:    Font shape `U/msa/m/n' will be
(Font)              scaled to size 8.33606pt on input line 132.
LaTeX Font Info:    Font shape `U/msb/m/n' will be
(Font)              scaled to size 8.33606pt on input line 132.
LaTeX Font Info:    Trying to load font information for T1+lmss on input line 1
32.

(c:/ASoftware/texlive/2024/texmf-dist/tex/latex/lm/t1lmss.fd
File: t1lmss.fd 2015/05/01 v1.6.1 Font defs for Latin Modern
)
Package microtype Info: Loading generic protrusion settings for font family
(microtype)             `lmss' (encoding: T1).
(microtype)             For optimal results, create family-specific settings.
(microtype)             See the microtype manual for details.


Package fancyhdr Warning: \headheight is too small (12.0pt): 
(fancyhdr)                Make it at least 20.0pt, for example:
(fancyhdr)                \setlength{\headheight}{20.0pt}.
(fancyhdr)                You might also make \topmargin smaller to compensate:

(fancyhdr)                \addtolength{\topmargin}{-8.0pt}.

[1

]

Package fancyhdr Warning: \headheight is too small (12.0pt): 
(fancyhdr)                Make it at least 24.18796pt, for example:
(fancyhdr)                \setlength{\headheight}{24.18796pt}.
(fancyhdr)                You might also make \topmargin smaller to compensate:

(fancyhdr)                \addtolength{\topmargin}{-12.18796pt}.

[2]
Missing character: There is no  ("131) in font pplr8t!
Missing character: There is no  ("11F) in font pplr8t!
Missing character: There is no  ("15F) in font pplr8t!
Missing character: There is no  ("11F) in font pplr8t!

Package fancyhdr Warning: \headheight is too small (12.0pt): 
(fancyhdr)                Make it at least 24.18796pt, for example:
(fancyhdr)                \setlength{\headheight}{24.18796pt}.
(fancyhdr)                You might also make \topmargin smaller to compensate:

(fancyhdr)                \addtolength{\topmargin}{-12.18796pt}.

[3]
Missing character: There is no  ("2019) in font pplr8t!

Package natbib Warning: Citation `arya2022rdd2022' on page 4 undefined on input
 line 192.


Package fancyhdr Warning: \headheight is too small (12.0pt): 
(fancyhdr)                Make it at least 24.18796pt, for example:
(fancyhdr)                \setlength{\headheight}{24.18796pt}.
(fancyhdr)                You might also make \topmargin smaller to compensate:

(fancyhdr)                \addtolength{\topmargin}{-12.18796pt}.

[4]
File: images/figure1-a.png Graphic file (type bmp)
<images/figure1-a.png>
File: images/figure1-b.png Graphic file (type bmp)
<images/figure1-b.png>
File: images/figure1-c.png Graphic file (type bmp)
<images/figure1-c.png>
File: images/figure1-d.png Graphic file (type bmp)
<images/figure1-d.png>


Package fancyhdr Warning: \headheight is too small (12.0pt): 
(fancyhdr)                Make it at least 24.18796pt, for example:
(fancyhdr)                \setlength{\headheight}{24.18796pt}.
(fancyhdr)                You might also make \topmargin smaller to compensate:

(fancyhdr)                \addtolength{\topmargin}{-12.18796pt}.

[5]
File: images/table1-1.png Graphic file (type bmp)
<images/table1-1.png>
File: images/table1-2.png Graphic file (type bmp)
<images/table1-2.png>
File: images/table1-3.png Graphic file (type bmp)
<images/table1-3.png>
File: images/table1-4.png Graphic file (type bmp)
<images/table1-4.png>

Overfull \hbox (11.5306pt too wide) in alignment at lines 240--240
[][][] 
 []


Package fancyhdr Warning: \headheight is too small (12.0pt): 
(fancyhdr)                Make it at least 24.18796pt, for example:
(fancyhdr)                \setlength{\headheight}{24.18796pt}.
(fancyhdr)                You might also make \topmargin smaller to compensate:

(fancyhdr)                \addtolength{\topmargin}{-12.18796pt}.

[6]
Missing character: There is no  ("2019) in font pplr8t!
File: images/figure2.png Graphic file (type bmp)
<images/figure2.png>

Package fancyhdr Warning: \headheight is too small (12.0pt): 
(fancyhdr)                Make it at least 24.18796pt, for example:
(fancyhdr)                \setlength{\headheight}{24.18796pt}.
(fancyhdr)                You might also make \topmargin smaller to compensate:

(fancyhdr)                \addtolength{\topmargin}{-12.18796pt}.

[7]
File: images/figure3.pdf Graphic file (type pdf)
<use images/figure3.pdf>


Package fancyhdr Warning: \headheight is too small (12.0pt): 
(fancyhdr)                Make it at least 24.18796pt, for example:
(fancyhdr)                \setlength{\headheight}{24.18796pt}.
(fancyhdr)                You might also make \topmargin smaller to compensate:

(fancyhdr)                \addtolength{\topmargin}{-12.18796pt}.

[8]

Package fancyhdr Warning: \headheight is too small (12.0pt): 
(fancyhdr)                Make it at least 24.18796pt, for example:
(fancyhdr)                \setlength{\headheight}{24.18796pt}.
(fancyhdr)                You might also make \topmargin smaller to compensate:

(fancyhdr)                \addtolength{\topmargin}{-12.18796pt}.

[9]
File: images/figure4.pdf Graphic file (type pdf)
<use images/figure4.pdf>
File: images/figure5.pdf Graphic file (type pdf)
<use images/figure5.pdf>


Package fancyhdr Warning: \headheight is too small (12.0pt): 
(fancyhdr)                Make it at least 24.18796pt, for example:
(fancyhdr)                \setlength{\headheight}{24.18796pt}.
(fancyhdr)                You might also make \topmargin smaller to compensate:

(fancyhdr)                \addtolength{\topmargin}{-12.18796pt}.

[10]

Package fancyhdr Warning: \headheight is too small (12.0pt): 
(fancyhdr)                Make it at least 24.18796pt, for example:
(fancyhdr)                \setlength{\headheight}{24.18796pt}.
(fancyhdr)                You might also make \topmargin smaller to compensate:

(fancyhdr)                \addtolength{\topmargin}{-12.18796pt}.

[11]

Package fancyhdr Warning: \headheight is too small (12.0pt): 
(fancyhdr)                Make it at least 24.18796pt, for example:
(fancyhdr)                \setlength{\headheight}{24.18796pt}.
(fancyhdr)                You might also make \topmargin smaller to compensate:

(fancyhdr)                \addtolength{\topmargin}{-12.18796pt}.

[12]
File: ./images/figure6.pdf Graphic file (type pdf)
<use ./images/figure6.pdf>
File: ./images/figure7.pdf Graphic file (type pdf)
<use ./images/figure7.pdf>


Package fancyhdr Warning: \headheight is too small (12.0pt): 
(fancyhdr)                Make it at least 24.18796pt, for example:
(fancyhdr)                \setlength{\headheight}{24.18796pt}.
(fancyhdr)                You might also make \topmargin smaller to compensate:

(fancyhdr)                \addtolength{\topmargin}{-12.18796pt}.

[13]
File: ./images/figure8.pdf Graphic file (type pdf)
<use ./images/figure8.pdf>


Package fancyhdr Warning: \headheight is too small (12.0pt): 
(fancyhdr)                Make it at least 24.18796pt, for example:
(fancyhdr)                \setlength{\headheight}{24.18796pt}.
(fancyhdr)                You might also make \topmargin smaller to compensate:

(fancyhdr)                \addtolength{\topmargin}{-12.18796pt}.

[14]
File: images/figure9-a-1.png Graphic file (type bmp)
<images/figure9-a-1.png>
File: images/figure9-a-2.png Graphic file (type bmp)
<images/figure9-a-2.png>
File: images/figure9-a-3.png Graphic file (type bmp)
<images/figure9-a-3.png>
File: images/figure9-a-4.png Graphic file (type bmp)
<images/figure9-a-4.png>
File: images/figure9-a-5.png Graphic file (type bmp)
<images/figure9-a-5.png>
File: images/figure9-a-6.png Graphic file (type bmp)
<images/figure9-a-6.png>
File: images/figure9-a-7.png Graphic file (type bmp)
<images/figure9-a-7.png>
File: images/figure9-a-8.png Graphic file (type bmp)
<images/figure9-a-8.png>

Overfull \hbox (7.49998pt too wide) in paragraph at lines 389--390
 [][] 
 []

File: images/figure9-b-1.png Graphic file (type bmp)
<images/figure9-b-1.png>
File: images/figure9-b-2.png Graphic file (type bmp)
<images/figure9-b-2.png>
File: images/figure9-b-3.png Graphic file (type bmp)
<images/figure9-b-3.png>
File: images/figure9-b-4.png Graphic file (type bmp)
<images/figure9-b-4.png>
File: images/figure9-b-5.png Graphic file (type bmp)
<images/figure9-b-5.png>
File: images/figure9-b-6.png Graphic file (type bmp)
<images/figure9-b-6.png>
File: images/figure9-b-7.png Graphic file (type bmp)
<images/figure9-b-7.png>
File: images/figure9-b-8.png Graphic file (type bmp)
<images/figure9-b-8.png>

Overfull \hbox (7.49998pt too wide) in paragraph at lines 404--405
 [][] 
 []

File: images/figure9-c-1.png Graphic file (type bmp)
<images/figure9-c-1.png>
File: images/figure9-c-2.png Graphic file (type bmp)
<images/figure9-c-2.png>
File: images/figure9-c-3.png Graphic file (type bmp)
<images/figure9-c-3.png>
File: images/figure9-c-4.png Graphic file (type bmp)
<images/figure9-c-4.png>
File: images/figure9-c-5.png Graphic file (type bmp)
<images/figure9-c-5.png>
File: images/figure9-c-6.png Graphic file (type bmp)
<images/figure9-c-6.png>
File: images/figure9-c-7.png Graphic file (type bmp)
<images/figure9-c-7.png>
File: images/figure9-c-8.png Graphic file (type bmp)
<images/figure9-c-8.png>

Overfull \hbox (7.49998pt too wide) in paragraph at lines 419--420
 [][] 
 []


Package fancyhdr Warning: \headheight is too small (12.0pt): 
(fancyhdr)                Make it at least 24.18796pt, for example:
(fancyhdr)                \setlength{\headheight}{24.18796pt}.
(fancyhdr)                You might also make \topmargin smaller to compensate:

(fancyhdr)                \addtolength{\topmargin}{-12.18796pt}.

[15]
Overfull \vbox (9.89412pt too high) has occurred while \output is active []



Package fancyhdr Warning: \headheight is too small (12.0pt): 
(fancyhdr)                Make it at least 24.18796pt, for example:
(fancyhdr)                \setlength{\headheight}{24.18796pt}.
(fancyhdr)                You might also make \topmargin smaller to compensate:

(fancyhdr)                \addtolength{\topmargin}{-12.18796pt}.

[16]
Overfull \hbox (8.43835pt too wide) in paragraph at lines 461--461
 []|[]| 
 []


Package fancyhdr Warning: \headheight is too small (12.0pt): 
(fancyhdr)                Make it at least 24.18796pt, for example:
(fancyhdr)                \setlength{\headheight}{24.18796pt}.
(fancyhdr)                You might also make \topmargin smaller to compensate:

(fancyhdr)                \addtolength{\topmargin}{-12.18796pt}.

[17]
File: images/figure10-a.pdf Graphic file (type pdf)
<use images/figure10-a.pdf>

Overfull \hbox (47.91202pt too wide) in paragraph at lines 477--477
[][] 
 []

File: images/figure10-b.pdf Graphic file (type pdf)
<use images/figure10-b.pdf>

Overfull \hbox (47.91202pt too wide) in paragraph at lines 483--483
[][] 
 []

File: images/figure10-c.pdf Graphic file (type pdf)
<use images/figure10-c.pdf>

Overfull \hbox (47.91202pt too wide) in paragraph at lines 489--489
[][] 
 []


Package fancyhdr Warning: \headheight is too small (12.0pt): 
(fancyhdr)                Make it at least 24.18796pt, for example:
(fancyhdr)                \setlength{\headheight}{24.18796pt}.
(fancyhdr)                You might also make \topmargin smaller to compensate:

(fancyhdr)                \addtolength{\topmargin}{-12.18796pt}.

[18]
File: images/figure11-a.pdf Graphic file (type pdf)
<use images/figure11-a.pdf>

Overfull \hbox (7.49998pt too wide) in paragraph at lines 504--505
 [][] 
 []

File: images/figure11-b.pdf Graphic file (type pdf)
<use images/figure11-b.pdf>

Overfull \hbox (7.49998pt too wide) in paragraph at lines 511--512
 [][] 
 []

File: images/figure11-c.pdf Graphic file (type pdf)
<use images/figure11-c.pdf>

Overfull \hbox (7.49998pt too wide) in paragraph at lines 518--519
 [][] 
 []


Package fancyhdr Warning: \headheight is too small (12.0pt): 
(fancyhdr)                Make it at least 24.18796pt, for example:
(fancyhdr)                \setlength{\headheight}{24.18796pt}.
(fancyhdr)                You might also make \topmargin smaller to compensate:

(fancyhdr)                \addtolength{\topmargin}{-12.18796pt}.

[19]

Package fancyhdr Warning: \headheight is too small (12.0pt): 
(fancyhdr)                Make it at least 24.18796pt, for example:
(fancyhdr)                \setlength{\headheight}{24.18796pt}.
(fancyhdr)                You might also make \topmargin smaller to compensate:

(fancyhdr)                \addtolength{\topmargin}{-12.18796pt}.

[20]
File: images/figure12-a.png Graphic file (type bmp)
<images/figure12-a.png>
File: images/figure12-b.png Graphic file (type bmp)
<images/figure12-b.png>
File: images/figure12-c.png Graphic file (type bmp)
<images/figure12-c.png>
File: images/figure12-d.png Graphic file (type bmp)
<images/figure12-d.png>
File: images/figure12-e.png Graphic file (type bmp)
<images/figure12-e.png>

Overfull \hbox (2.49998pt too wide) in paragraph at lines 534--551
[][] 
 []


Overfull \hbox (2.49998pt too wide) in paragraph at lines 534--551
[][] 
 []


Overfull \hbox (2.49998pt too wide) in paragraph at lines 534--551
[][] 
 []


Overfull \hbox (2.49998pt too wide) in paragraph at lines 534--551
[][] 
 []


Overfull \hbox (2.49998pt too wide) in paragraph at lines 534--551
[][] 
 []

File: images/figure13-a.png Graphic file (type bmp)
<images/figure13-a.png>
File: images/figure13-b.png Graphic file (type bmp)
<images/figure13-b.png>
File: images/figure13-c.png Graphic file (type bmp)
<images/figure13-c.png>
File: images/figure13-d.png Graphic file (type bmp)
<images/figure13-d.png>
File: images/figure13-e.png Graphic file (type bmp)
<images/figure13-e.png>

Overfull \hbox (2.49998pt too wide) in paragraph at lines 562--579
[][] 
 []


Overfull \hbox (2.49998pt too wide) in paragraph at lines 562--579
[][] 
 []


Overfull \hbox (2.49998pt too wide) in paragraph at lines 562--579
[][] 
 []


Overfull \hbox (2.49998pt too wide) in paragraph at lines 562--579
[][] 
 []


Overfull \hbox (2.49998pt too wide) in paragraph at lines 562--579
[][] 
 []


Package fancyhdr Warning: \headheight is too small (12.0pt): 
(fancyhdr)                Make it at least 24.18796pt, for example:
(fancyhdr)                \setlength{\headheight}{24.18796pt}.
(fancyhdr)                You might also make \topmargin smaller to compensate:

(fancyhdr)                \addtolength{\topmargin}{-12.18796pt}.

[21]
File: images/figure14-a.png Graphic file (type bmp)
<images/figure14-a.png>
File: images/figure14-b.png Graphic file (type bmp)
<images/figure14-b.png>
File: images/figure14-c.png Graphic file (type bmp)
<images/figure14-c.png>
File: images/figure14-d.png Graphic file (type bmp)
<images/figure14-d.png>
File: images/figure14-e.png Graphic file (type bmp)
<images/figure14-e.png>

Overfull \hbox (2.49998pt too wide) in paragraph at lines 590--607
[][] 
 []


Overfull \hbox (2.49998pt too wide) in paragraph at lines 590--607
[][] 
 []


Overfull \hbox (2.49998pt too wide) in paragraph at lines 590--607
[][] 
 []


Overfull \hbox (2.49998pt too wide) in paragraph at lines 590--607
[][] 
 []


Overfull \hbox (2.49998pt too wide) in paragraph at lines 590--607
[][] 
 []


Package fancyhdr Warning: \headheight is too small (12.0pt): 
(fancyhdr)                Make it at least 24.18796pt, for example:
(fancyhdr)                \setlength{\headheight}{24.18796pt}.
(fancyhdr)                You might also make \topmargin smaller to compensate:

(fancyhdr)                \addtolength{\topmargin}{-12.18796pt}.

[22]

Package fancyhdr Warning: \headheight is too small (12.0pt): 
(fancyhdr)                Make it at least 24.18796pt, for example:
(fancyhdr)                \setlength{\headheight}{24.18796pt}.
(fancyhdr)                You might also make \topmargin smaller to compensate:

(fancyhdr)                \addtolength{\topmargin}{-12.18796pt}.

[23]
Missing character: There is no  ("2014) in font pplr8t!
Missing character: There is no  ("2014) in font pplr8t!
(./main.bbl
LaTeX Font Info:    Font shape `U/msa/m/n' will be
(Font)              scaled to size 9.37807pt on input line 7.
LaTeX Font Info:    Font shape `U/msb/m/n' will be
(Font)              scaled to size 9.37807pt on input line 7.

Missing character: There is no  ("2019) in font pplr8t!

Package fancyhdr Warning: \headheight is too small (12.0pt): 
(fancyhdr)                Make it at least 24.18796pt, for example:
(fancyhdr)                \setlength{\headheight}{24.18796pt}.
(fancyhdr)                You might also make \topmargin smaller to compensate:

(fancyhdr)                \addtolength{\topmargin}{-12.18796pt}.

[24]
Underfull \hbox (badness 5970) in paragraph at lines 203--207
[]\T1/ppl/m/n/9 Simonyan, K.; Zis-ser-man, A.  Very Deep Con-vo-lu-tional Net-w
orks for Large-Scale Im-age Recog-ni-tion, 2015,
 []


Package fancyhdr Warning: \headheight is too small (12.0pt): 
(fancyhdr)                Make it at least 24.18796pt, for example:
(fancyhdr)                \setlength{\headheight}{24.18796pt}.
(fancyhdr)                You might also make \topmargin smaller to compensate:

(fancyhdr)                \addtolength{\topmargin}{-12.18796pt}.

[25])

Package caption Warning: Unused \captionsetup[subfloat] on input line 608.
See the caption package documentation for explanation.


Package natbib Warning: There were undefined citations.


Package fancyhdr Warning: \headheight is too small (12.0pt): 
(fancyhdr)                Make it at least 24.18796pt, for example:
(fancyhdr)                \setlength{\headheight}{24.18796pt}.
(fancyhdr)                You might also make \topmargin smaller to compensate:

(fancyhdr)                \addtolength{\topmargin}{-12.18796pt}.

[26] 
enddocument/afterlastpage: lastpage setting LastPage.
(./main.aux)
 ***********
LaTeX2e <2023-11-01> patch level 1
L3 programming layer <2024-02-20>
 ***********
Package rerunfilecheck Info: File `main.out' has not changed.
(rerunfilecheck)             Checksum: C7DF32F09BE15DB0E5FA46EE25484DEC;3131.
 ) 
Here is how much of TeX's memory you used:
 34793 strings out of 474773
 665552 string characters out of 5756839
 1948842 words of memory out of 5000000
 56278 multiletter control sequences out of 15000+600000
 603901 words of font info for 131 fonts, out of 8000000 for 9000
 1348 hyphenation exceptions out of 8191
 123i,13n,121p,2323b,703s stack positions out of 10000i,1000n,20000p,200000b,200000s

Output written on main.pdf (26 pages).
